#
# A fatal error has been detected by the Java Runtime Environment:
#
#  EXCEPTION_ACCESS_VIOLATION (0xc0000005) at pc=0x00007ff86c0a26c4, pid=18088, tid=2968
#
# JRE version: OpenJDK Runtime Environment (24.0.1+9) (build 24.0.1+9-30)
# Java VM: OpenJDK 64-Bit Server VM (24.0.1+9-30, mixed mode, sharing, tiered, compressed oops, compressed class ptrs, g1 gc, windows-amd64)
# Problematic frame:
# C  [libasyncProfiler.dll+0x926c4]
#
# No core dump will be written. Minidumps are not enabled by default on client versions of Windows
#
# JFR recording file will be written. Location: C:\Users\Mina.TAmin\IdeaProjects\untitled\hs_err_pid18088.jfr
#
# If you would like to submit a bug report, please visit:
#   https://bugreport.java.com/bugreport/crash.jsp
# The crash happened outside the Java Virtual Machine in native code.
# See problematic frame for where to report the bug.
#

---------------  S U M M A R Y ------------

Command Line: -javaagent:C:\Users\Mina.TAmin\AppData\Local\JetBrains\IntelliJ IDEA 2025.1.2\lib\idea_rt.jar=62765 -Dfile.encoding=UTF-8 -Dsun.stdout.encoding=UTF-8 -Dsun.stderr.encoding=UTF-8 org.example.Main

Host: 13th Gen Intel(R) Core(TM) i5-1335U, 12 cores, 15G,  Windows 10 , 64 bit Build 19041 (10.0.19041.4717)
Time: Fri Jun 27 20:44:18 2025 Egypt Daylight Time elapsed time: 9.791152 seconds (0d 0h 0m 9s)

---------------  T H R E A D  ---------------

Current thread (0x0000025130d96b40):  JavaThread "Attach Listener" daemon [_thread_in_native, id=2968, stack(0x00000069f7600000,0x00000069f7700000) (1024K)]

Stack: [0x00000069f7600000,0x00000069f7700000],  sp=0x00000069f76fefc0,  free space=1019k
Native frames: (J=compiled Java code, j=interpreted, Vv=VM code, C=native code)
C  [libasyncProfiler.dll+0x926c4]  (no source info available)
C  [libasyncProfiler.dll+0x92b9b]  (no source info available)
C  [libasyncProfiler.dll+0x917f4]  (no source info available)
C  [libasyncProfiler.dll+0x9206a]  (no source info available)
C  [libasyncProfiler.dll+0x8cc21]  (no source info available)
C  [libasyncProfiler.dll+0x7e5e1]  (no source info available)
C  [libasyncProfiler.dll+0x7d2f8]  (no source info available)
C  [libasyncProfiler.dll+0x7d1e0]  (no source info available)
C  [libasyncProfiler.dll+0x841b9]  (no source info available)
V  [jvm.dll+0x57eff7]  (no source info available)
V  [jvm.dll+0x57fdac]  (no source info available)
V  [jvm.dll+0x14ca17]  (no source info available)
V  [jvm.dll+0x14dfe1]  (no source info available)
V  [jvm.dll+0x42f456]  (no source info available)
V  [jvm.dll+0x87d76b]  (no source info available)
V  [jvm.dll+0x72ee55]  (no source info available)
C  [ucrtbase.dll+0x21bb2]  (no source info available)
C  [KERNEL32.DLL+0x17374]  (no source info available)
C  [ntdll.dll+0x4cc91]  (no source info available)


siginfo: EXCEPTION_ACCESS_VIOLATION (0xc0000005), reading address 0xffffffffffffffff


Registers:
RAX=0x0000000000000010, RBX=0x0000000000000000, RCX=0xffffffffffffffff, RDX=0x007ff86745300010
RSP=0x00000069f76fefc0, RBP=0x000002517641f830, RSI=0x00000069f76ff130, RDI=0x000002517641f830
R8 =0x0000000000000042, R9 =0x0000000714801ed8, R10=0x00007ff8676c9fb0, R11=0x0000000000000002
R12=0x00000069f76ff130, R13=0x000002510f3672a0, R14=0x0000025130d96f08, R15=0x0000025130d96f08
RIP=0x00007ff86c0a26c4, EFLAGS=0x0000000000010202

XMM[0]=0x0000000000000000 0x0000000000000000
XMM[1]=0x0000000000000000 0x0000000000000000
XMM[2]=0x0000000000000000 0x0000000000000000
XMM[3]=0x0000000000000000 0x0000000000000000
XMM[4]=0x0000000000000000 0x0000000000000000
XMM[5]=0x0000000000000000 0x0000000000000000
XMM[6]=0x0000000000000000 0x0000000000000000
XMM[7]=0x0000000000000000 0x0000000000000000
XMM[8]=0x0000000000000000 0x0000000000000000
XMM[9]=0x0000000000000000 0x0000000000000000
XMM[10]=0x0000000000000000 0x0000000000000000
XMM[11]=0x0000000000000000 0x0000000000000000
XMM[12]=0x0000000000000000 0x0000000000000000
XMM[13]=0x0000000000000000 0x0000000000000000
XMM[14]=0x0000000000000000 0x0000000000000000
XMM[15]=0x0000000000000000 0x0000000000000000
  MXCSR=0x00001fa0


Register to memory mapping:

RAX=0x0000000000000010 is an unknown value
RBX=0x0 is null
RCX=0xffffffffffffffff is an unknown value
RDX=0x007ff86745300010 is an unknown value
RSP=0x00000069f76fefc0 is pointing into the stack for thread: 0x0000025130d96b40
RBP=0x000002517641f830 points into unknown readable memory: 0x0000000714801ed8 | d8 1e 80 14 07 00 00 00
RSI=0x00000069f76ff130 is pointing into the stack for thread: 0x0000025130d96b40
RDI=0x000002517641f830 points into unknown readable memory: 0x0000000714801ed8 | d8 1e 80 14 07 00 00 00
R8 =0x0000000000000042 is an unknown value
R9 =0x0000000714801ed8 is an oop: java.lang.Thread 
{0x0000000714801ed8} - klass: 'java/lang/Thread' - flags: 

 - ---- fields (total size 14 words):
 - 'threadLocalRandomProbe' 'I' @12  -1640531527 (0x9e3779b9)
 - private volatile 'eetop' 'J' @16  2547206034224 (0x00000251114f9330)
 - private final 'tid' 'J' @24  3 (0x0000000000000003)
 - 'threadLocalRandomSeed' 'J' @32  543603183979401069 (0x078b443737dd0f6d)
 - injected 'jvmti_thread_state' 'J' @40  2548913970704 (0x00000251771c9e10)
 - 'threadLocalRandomSecondarySeed' 'I' @48  0 (0x00000000)
 - injected 'jvmti_VTMS_transition_disable_count' 'I' @52  0 (0x00000000)
 - injected 'jfr_epoch' 'S' @56  0 (0x0000)
 - volatile 'interrupted' 'Z' @58  false (0x00)
 - injected 'jvmti_is_in_VTMS_transition' 'Z' @59  false (0x00)
 - private volatile 'name' 'Ljava/lang/String;' @60  "main"{0x0000000714801f48} (0xe29003e9)
 - private volatile 'contextClassLoader' 'Ljava/lang/ClassLoader;' @64  a 'jdk/internal/loader/ClassLoaders$AppClassLoader'{0x0000000714827758} (0xe2904eeb)
 - private final 'holder' 'Ljava/lang/Thread$FieldHolder;' @68  a 'java/lang/Thread$FieldHolder'{0x0000000714801f88} (0xe29003f1)
 - 'threadLocals' 'Ljava/lang/ThreadLocal$ThreadLocalMap;' @72  a 'java/lang/ThreadLocal$ThreadLocalMap'{0x000000071464ea68} (0xe28c9d4d)
 - 'inheritableThreadLocals' 'Ljava/lang/ThreadLocal$ThreadLocalMap;' @76  null (0x00000000)
 - private 'scopedValueBindings' 'Ljava/lang/Object;' @80  a 'java/lang/Class'{0x00000007ffe7c258} = 'java/lang/Thread' (0xfffcf84b)
 - final 'interruptLock' 'Ljava/lang/Object;' @84  a 'java/lang/Object'{0x0000000714801f78} (0xe29003ef)
 - private volatile 'parkBlocker' 'Ljava/lang/Object;' @88  null (0x00000000)
 - private 'nioBlocker' 'Lsun/nio/ch/Interruptible;' @92  null (0x00000000)
 - private 'cont' 'Ljdk/internal/vm/Continuation;' @96  null (0x00000000)
 - private volatile 'uncaughtExceptionHandler' 'Ljava/lang/Thread$UncaughtExceptionHandler;' @100  null (0x00000000)
 - private 'container' 'Ljdk/internal/vm/ThreadContainer;' @104  null (0x00000000)
 - private volatile 'headStackableScopes' 'Ljdk/internal/vm/StackableScope;' @108  null (0x00000000)
R10=0x00007ff8676c9fb0 jvm.dll
R11=0x0000000000000002 is an unknown value
R12=0x00000069f76ff130 is pointing into the stack for thread: 0x0000025130d96b40
R13=0x000002510f3672a0 points into unknown readable memory: 0x00007ff86763a510 | 10 a5 63 67 f8 7f 00 00
R14=0x0000025130d96f08 points into unknown readable memory: 0x00007ff8676317b0 | b0 17 63 67 f8 7f 00 00
R15=0x0000025130d96f08 points into unknown readable memory: 0x00007ff8676317b0 | b0 17 63 67 f8 7f 00 00

Top of Stack: (sp=0x00000069f76fefc0)
0x00000069f76fefc0:   00000069f76ff130 000002517641f830   0.o.i...0.AvQ...
0x00000069f76fefd0:   0000000000000000 0000025130d97eb0   .........~.0Q...
0x00000069f76fefe0:   0000000000000020 00007ff86c0a2b9b    ........+.l....
0x00000069f76feff0:   0000000000000000 0000025130d96f08   .........o.0Q...
0x00000069f76ff000:   00000069f76ff101 0000000000000000   ..o.i...........
0x00000069f76ff010:   000002517670fbe0 00007ff86c0a17f4   ..pvQ......l....
0x00000069f76ff020:   0000000000000000 0000000000000020   ........ .......
0x00000069f76ff030:   0000000000000000 0000000000000020   ........ .......
0x00000069f76ff040:   0000000f00000000 0000025176ae3e30   ........0>.vQ...
0x00000069f76ff050:   000002517670fbe0 000002517670fc60   ..pvQ...`.pvQ...
0x00000069f76ff060:   000002517670fc88 0000000000004678   ..pvQ...xF......
0x00000069f76ff070:   0000000000000000 0000000000000000   ................
0x00000069f76ff080:   0000000000000000 00007ff866e957d4   .........W.f....
0x00000069f76ff090:   00007ff86c1e4ca0 00000000000046a8   .L.l.....F......
0x00000069f76ff0a0:   00007ff86c1e4ca0 00000000ffffffff   .L.l............
0x00000069f76ff0b0:   0000000000000000 00007ff86c0a206a   ........j .l....
0x00000069f76ff0c0:   0000025130d96f08 0000000000000000   .o.0Q...........
0x00000069f76ff0d0:   00000069f76ff139 000002510f3672a0   9.o.i....r6.Q...
0x00000069f76ff0e0:   0000000000000003 0000000000000048   ........H.......
0x00000069f76ff0f0:   0000000800800310 0000000000000020   ........ .......
0x00000069f76ff100:   0000025130d96f08 00007ff86c1e4ca0   .o.0Q....L.l....
0x00000069f76ff110:   0000025130d99bf0 00000251771c9e10   ...0Q......wQ...
0x00000069f76ff120:   0000000800800390 0000025130d96f08   .........o.0Q...
0x00000069f76ff130:   00000251763f9e50 00000251763fa250   P.?vQ...P.?vQ...
0x00000069f76ff140:   00000251763fa250 00007ff86c1e4ca0   P.?vQ....L.l....
0x00000069f76ff150:   00000069f76ff2c8 000002510f270000   ..o.i.....'.Q...
0x00000069f76ff160:   00000069f76ff400 0000000000008840   ..o.i...@.......
0x00000069f76ff170:   00000069f76ff5e0 00007ff86c1e4cf0   ..o.i....L.l....
0x00000069f76ff180:   0000000000989680 0000000000989680   ................
0x00000069f76ff190:   00000069f76ff2a0 00007ff86c09cc21   ..o.i...!..l....
0x00000069f76ff1a0:   00007ff86c1e4ca0 00007ff86c1e4cf8   .L.l.....L.l....
0x00000069f76ff1b0:   00007ff800000000 00007ff800000001   ................

Instructions: (pc=0x00007ff86c0a26c4)
  0x00007ff86c0a25c4:   cc cc cc cc cc cc cc cc cc cc cc cc cc cc cc cc
  0x00007ff86c0a25d4:   cc cc cc cc cc cc cc cc cc cc cc cc cc cc cc cc
  0x00007ff86c0a25e4:   cc cc cc cc cc cc cc cc cc cc cc cc cc cc cc cc
  0x00007ff86c0a25f4:   cc cc cc cc cc cc cc cc cc cc cc cc cc cc cc cc
  0x00007ff86c0a2604:   cc cc cc cc cc cc cc cc cc cc cc cc cc cc cc cc
  0x00007ff86c0a2614:   cc cc cc cc cc cc cc cc cc cc cc cc cc cc cc cc
  0x00007ff86c0a2624:   cc cc cc cc cc cc cc cc cc cc cc cc cc cc cc cc
  0x00007ff86c0a2634:   cc cc cc cc cc cc cc cc cc cc cc cc cc cc cc cc
  0x00007ff86c0a2644:   cc cc cc cc cc cc cc cc cc cc cc cc 40 57 48 83
  0x00007ff86c0a2654:   ec 20 48 8b f9 48 8b 0d 10 28 14 00 48 85 c9 74
  0x00007ff86c0a2664:   20 48 8b 01 48 8d 54 24 38 41 b8 06 00 01 00 4c
  0x00007ff86c0a2674:   8b 48 30 41 ff d1 85 c0 75 07 48 8b 4c 24 38 eb
  0x00007ff86c0a2684:   02 33 c9 4c 8b 05 ea 28 14 00 48 89 5c 24 30 4d
  0x00007ff86c0a2694:   85 c0 74 4a 48 8b 01 48 8b d7 4c 8b 88 28 03 00
  0x00007ff86c0a26a4:   00 41 ff d1 48 85 c0 74 35 48 63 0d f8 e6 13 00
  0x00007ff86c0a26b4:   48 8b 14 01 48 85 d2 74 15 48 63 05 fc e6 13 00
=>0x00007ff86c0a26c4:   8b 04 10 48 8b 5c 24 30 48 83 c4 20 5f c3 b8 ff
  0x00007ff86c0a26d4:   ff ff ff 48 8b 5c 24 30 48 83 c4 20 5f c3 80 3d
  0x00007ff86c0a26e4:   9b 27 14 00 00 bb ff ff ff ff 74 20 4c 8b 0d 31
  0x00007ff86c0a26f4:   24 14 00 4c 8d 44 24 38 48 8b 0d 15 24 14 00 48
  0x00007ff86c0a2704:   8b d7 41 ff d1 85 c0 0f 44 5c 24 38 8b c3 48 8b
  0x00007ff86c0a2714:   5c 24 30 48 83 c4 20 5f c3 cc cc cc cc cc cc cc
  0x00007ff86c0a2724:   cc cc cc cc cc cc cc cc cc cc cc cc cc cc cc cc
  0x00007ff86c0a2734:   cc cc cc cc cc cc cc cc cc cc cc cc cc cc cc cc
  0x00007ff86c0a2744:   cc cc cc cc cc cc cc cc cc cc cc cc 48 89 54 24
  0x00007ff86c0a2754:   10 53 55 56 57 41 56 41 57 48 83 ec 28 48 8b f2
  0x00007ff86c0a2764:   4c 8b f1 48 89 4c 24 78 45 33 ff 44 89 7c 24 68
  0x00007ff86c0a2774:   c7 44 24 60 01 00 00 00 48 8d 4c 24 68 e8 ed 42
  0x00007ff86c0a2784:   f7 ff 8b d8 48 8d 4c 24 60 e8 e1 42 f7 ff 8b e8
  0x00007ff86c0a2794:   49 8b ce e8 00 fc f6 ff 48 8b f8 90 8b c3 f0 0f
  0x00007ff86c0a27a4:   b1 2f 74 04 f3 90 eb f4 4c 89 3e 4c 89 7e 08 4c
  0x00007ff86c0a27b4:   89 7e 10 49 8b 6e 08 4d 8b 76 10 49 3b ee 0f 84


Stack slot to memory mapping:

stack at sp + 0 slots: 0x00000069f76ff130 is pointing into the stack for thread: 0x0000025130d96b40
stack at sp + 1 slots: 0x000002517641f830 points into unknown readable memory: 0x0000000714801ed8 | d8 1e 80 14 07 00 00 00
stack at sp + 2 slots: 0x0 is null
stack at sp + 3 slots: 0x0000025130d97eb0 points into unknown readable memory: 0x6e616c2e6176616a | 6a 61 76 61 2e 6c 61 6e
stack at sp + 4 slots: 0x0000000000000020 is an unknown value
stack at sp + 5 slots: 0x00007ff86c0a2b9b libasyncProfiler.dll
stack at sp + 6 slots: 0x0 is null
stack at sp + 7 slots: 0x0000025130d96f08 points into unknown readable memory: 0x00007ff8676317b0 | b0 17 63 67 f8 7f 00 00

Lock stack of current Java thread (top to bottom):


---------------  P R O C E S S  ---------------

Threads class SMR info:
_java_thread_list=0x00000251769ed7f0, length=21, elements={
0x00000251114f9330, 0x0000025130d8e420, 0x0000025130d90030, 0x0000025130d93d80,
0x0000025130d96b40, 0x0000025130d9b2a0, 0x0000025130d9b9e0, 0x0000025176009900,
0x00000251760300d0, 0x00000251761b8040, 0x0000025176394500, 0x0000025176486290,
0x00000251770d4c80, 0x000002517654e2c0, 0x000002517654ecd0, 0x000002517724f2e0,
0x0000025177256a10, 0x00000251764daea0, 0x00000251764db630, 0x00000251769971f0,
0x00000251766b43f0
}

Java Threads: ( => current thread )
  0x00000251114f9330 JavaThread "main"                              [_thread_in_native, id=2272, stack(0x00000069f6b00000,0x00000069f6c00000) (1024K)]
  0x0000025130d8e420 JavaThread "Reference Handler"          daemon [_thread_blocked, id=17940, stack(0x00000069f7300000,0x00000069f7400000) (1024K)]
  0x0000025130d90030 JavaThread "Finalizer"                  daemon [_thread_blocked, id=18044, stack(0x00000069f7400000,0x00000069f7500000) (1024K)]
  0x0000025130d93d80 JavaThread "Signal Dispatcher"          daemon [_thread_blocked, id=18108, stack(0x00000069f7500000,0x00000069f7600000) (1024K)]
=>0x0000025130d96b40 JavaThread "Attach Listener"            daemon [_thread_in_native, id=2968, stack(0x00000069f7600000,0x00000069f7700000) (1024K)]
  0x0000025130d9b2a0 JavaThread "Service Thread"             daemon [_thread_blocked, id=3996, stack(0x00000069f7700000,0x00000069f7800000) (1024K)]
  0x0000025130d9b9e0 JavaThread "Monitor Deflation Thread"   daemon [_thread_blocked, id=15280, stack(0x00000069f7800000,0x00000069f7900000) (1024K)]
  0x0000025176009900 JavaThread "C2 CompilerThread0"         daemon [_thread_blocked, id=18100, stack(0x00000069f7900000,0x00000069f7a00000) (1024K)]
  0x00000251760300d0 JavaThread "C1 CompilerThread0"         daemon [_thread_blocked, id=15344, stack(0x00000069f7a00000,0x00000069f7b00000) (1024K)]
  0x00000251761b8040 JavaThread "Common-Cleaner"             daemon [_thread_blocked, id=17892, stack(0x00000069f7b00000,0x00000069f7c00000) (1024K)]
  0x0000025176394500 JavaThread "Monitor Ctrl-Break"         daemon [_thread_in_native, id=4032, stack(0x00000069f7e00000,0x00000069f7f00000) (1024K)]
  0x0000025176486290 JavaThread "Notification Thread"        daemon [_thread_blocked, id=12024, stack(0x00000069f7f00000,0x00000069f8000000) (1024K)]
  0x00000251770d4c80 JavaThread "RMI TCP Accept-0"           daemon [_thread_in_native, id=17716, stack(0x00000069f8000000,0x00000069f8100000) (1024K)]
  0x000002517654e2c0 JavaThread "RMI TCP Connection(1)-192.168.40.86" daemon [_thread_in_native, id=18280, stack(0x00000069f8100000,0x00000069f8200000) (1024K)]
  0x000002517654ecd0 JavaThread "External Process Output Forwarder - C:\Users\Mina.TAmin\.cache\selenium\manager\0.4.33\selenium-manager.exe" daemon [_thread_in_native, id=3752, stack(0x00000069f8200000,0x00000069f8300000) (1024K)]
  0x000002517724f2e0 JavaThread "RMI Scheduler(0)"           daemon [_thread_blocked, id=17432, stack(0x00000069f8300000,0x00000069f8400000) (1024K)]
  0x0000025177256a10 JavaThread "JMX server connection timeout 33" daemon [_thread_blocked, id=18076, stack(0x00000069f8400000,0x00000069f8500000) (1024K)]
  0x00000251764daea0 JavaThread "C2 CompilerThread1"         daemon [_thread_blocked, id=14540, stack(0x00000069f7c00000,0x00000069f7d00000) (1024K)]
  0x00000251764db630 JavaThread "C2 CompilerThread2"         daemon [_thread_blocked, id=14680, stack(0x00000069f7d00000,0x00000069f7e00000) (1024K)]
  0x00000251769971f0 JavaThread "JFR Recorder Thread"        daemon [_thread_in_native, id=18408, stack(0x00000069f8500000,0x00000069f8600000) (1024K)]
  0x00000251766b43f0 JavaThread "JFR Periodic Tasks"         daemon [_thread_blocked, id=18040, stack(0x00000069f8600000,0x00000069f8700000) (1024K)]
Total: 21

Other Threads:
  0x0000025130d7e880 VMThread "VM Thread"                           [id=2036, stack(0x00000069f7200000,0x00000069f7300000) (1024K)]
  0x0000025130c3add0 WatcherThread "VM Periodic Task Thread"        [id=17624, stack(0x00000069f7100000,0x00000069f7200000) (1024K)]
  0x000002511155fb90 WorkerThread "GC Thread#0"                     [id=1184, stack(0x00000069f6c00000,0x00000069f6d00000) (1024K)]
  0x0000025111573b90 ConcurrentGCThread "G1 Main Marker"            [id=2220, stack(0x00000069f6d00000,0x00000069f6e00000) (1024K)]
  0x0000025111575700 WorkerThread "G1 Conc#0"                       [id=10000, stack(0x00000069f6e00000,0x00000069f6f00000) (1024K)]
  0x00000251115bea00 ConcurrentGCThread "G1 Refine#0"               [id=18052, stack(0x00000069f6f00000,0x00000069f7000000) (1024K)]
  0x0000025130c335d0 ConcurrentGCThread "G1 Service"                [id=12488, stack(0x00000069f7000000,0x00000069f7100000) (1024K)]
Total: 7

Threads with active compile tasks:
Total: 0

VM state: not at safepoint (normal execution)

VM Mutex/Monitor currently owned by a thread: None

Heap address: 0x0000000704e00000, size: 4018 MB, Compressed Oops mode: Zero based, Oop shift amount: 3

CDS archive(s) mapped at: [0x0000025131000000-0x0000025131d40000-0x0000025131d40000), size 13893632, SharedBaseAddress: 0x0000025131000000, ArchiveRelocationMode: 1.
Compressed class space mapped at: 0x0000025132000000-0x0000025172000000, reserved size: 1073741824
UseCompressedClassPointers 1, UseCompactObjectHeaders 0
Narrow klass pointer bits 32, Max shift 3
Narrow klass base: 0x0000025131000000, Narrow klass shift: 0
Encoding Range: [0x0000025131000000 - 0x0000025231000000), (4294967296 bytes)
Klass Range:    [0x0000025131000000 - 0x0000025172000000), (1090519040 bytes)
Klass ID Range:  [8 - 1090519033) (1090519025)

GC Precious Log:
 CardTable entry size: 512
 Card Set container configuration: InlinePtr #cards 4 size 8 Array Of Cards #cards 16 size 48 Howl #buckets 8 coarsen threshold 3686 Howl Bitmap #cards 512 size 80 coarsen threshold 460 Card regions per heap region 1 cards per card region 4096
 CPUs: 12 total, 12 available
 Memory: 16068M
 Large Page Support: Disabled
 NUMA Support: Disabled
 Compressed Oops: Enabled (Zero based)
 Heap Region Size: 2M
 Heap Min Capacity: 8M
 Heap Initial Capacity: 252M
 Heap Max Capacity: 4018M
 Pre-touch: Disabled
 Parallel Workers: 10
 Concurrent Workers: 3
 Concurrent Refinement Workers: 10
 Periodic GC: Disabled

Heap:
 garbage-first heap   total reserved 4114432K, committed 260096K, used 33904K [0x0000000704e00000, 0x0000000800000000)
  region size 2048K, 18 young (36864K), 0 survivors (0K)
 Metaspace       used 8429K, committed 8704K, reserved 1114112K
  class space    used 816K, committed 960K, reserved 1048576K

Heap Regions: E=young(eden), S=young(survivor), O=old, HS=humongous(starts), HC=humongous(continues), CS=collection set, F=free, TAMS=top-at-mark-start, PB=parsable bottom
|   0|0x0000000704e00000, 0x0000000704e00000, 0x0000000705000000|  0%| F|  |TAMS 0x0000000704e00000| PB 0x0000000704e00000| Untracked |  0
|   1|0x0000000705000000, 0x0000000705000000, 0x0000000705200000|  0%| F|  |TAMS 0x0000000705000000| PB 0x0000000705000000| Untracked |  0
|   2|0x0000000705200000, 0x0000000705200000, 0x0000000705400000|  0%| F|  |TAMS 0x0000000705200000| PB 0x0000000705200000| Untracked |  0
|   3|0x0000000705400000, 0x0000000705400000, 0x0000000705600000|  0%| F|  |TAMS 0x0000000705400000| PB 0x0000000705400000| Untracked |  0
|   4|0x0000000705600000, 0x0000000705600000, 0x0000000705800000|  0%| F|  |TAMS 0x0000000705600000| PB 0x0000000705600000| Untracked |  0
|   5|0x0000000705800000, 0x0000000705800000, 0x0000000705a00000|  0%| F|  |TAMS 0x0000000705800000| PB 0x0000000705800000| Untracked |  0
|   6|0x0000000705a00000, 0x0000000705a00000, 0x0000000705c00000|  0%| F|  |TAMS 0x0000000705a00000| PB 0x0000000705a00000| Untracked |  0
|   7|0x0000000705c00000, 0x0000000705c00000, 0x0000000705e00000|  0%| F|  |TAMS 0x0000000705c00000| PB 0x0000000705c00000| Untracked |  0
|   8|0x0000000705e00000, 0x0000000705e00000, 0x0000000706000000|  0%| F|  |TAMS 0x0000000705e00000| PB 0x0000000705e00000| Untracked |  0
|   9|0x0000000706000000, 0x0000000706000000, 0x0000000706200000|  0%| F|  |TAMS 0x0000000706000000| PB 0x0000000706000000| Untracked |  0
|  10|0x0000000706200000, 0x0000000706200000, 0x0000000706400000|  0%| F|  |TAMS 0x0000000706200000| PB 0x0000000706200000| Untracked |  0
|  11|0x0000000706400000, 0x0000000706400000, 0x0000000706600000|  0%| F|  |TAMS 0x0000000706400000| PB 0x0000000706400000| Untracked |  0
|  12|0x0000000706600000, 0x0000000706600000, 0x0000000706800000|  0%| F|  |TAMS 0x0000000706600000| PB 0x0000000706600000| Untracked |  0
|  13|0x0000000706800000, 0x0000000706800000, 0x0000000706a00000|  0%| F|  |TAMS 0x0000000706800000| PB 0x0000000706800000| Untracked |  0
|  14|0x0000000706a00000, 0x0000000706a00000, 0x0000000706c00000|  0%| F|  |TAMS 0x0000000706a00000| PB 0x0000000706a00000| Untracked |  0
|  15|0x0000000706c00000, 0x0000000706c00000, 0x0000000706e00000|  0%| F|  |TAMS 0x0000000706c00000| PB 0x0000000706c00000| Untracked |  0
|  16|0x0000000706e00000, 0x0000000706e00000, 0x0000000707000000|  0%| F|  |TAMS 0x0000000706e00000| PB 0x0000000706e00000| Untracked |  0
|  17|0x0000000707000000, 0x0000000707000000, 0x0000000707200000|  0%| F|  |TAMS 0x0000000707000000| PB 0x0000000707000000| Untracked |  0
|  18|0x0000000707200000, 0x0000000707200000, 0x0000000707400000|  0%| F|  |TAMS 0x0000000707200000| PB 0x0000000707200000| Untracked |  0
|  19|0x0000000707400000, 0x0000000707400000, 0x0000000707600000|  0%| F|  |TAMS 0x0000000707400000| PB 0x0000000707400000| Untracked |  0
|  20|0x0000000707600000, 0x0000000707600000, 0x0000000707800000|  0%| F|  |TAMS 0x0000000707600000| PB 0x0000000707600000| Untracked |  0
|  21|0x0000000707800000, 0x0000000707800000, 0x0000000707a00000|  0%| F|  |TAMS 0x0000000707800000| PB 0x0000000707800000| Untracked |  0
|  22|0x0000000707a00000, 0x0000000707a00000, 0x0000000707c00000|  0%| F|  |TAMS 0x0000000707a00000| PB 0x0000000707a00000| Untracked |  0
|  23|0x0000000707c00000, 0x0000000707c00000, 0x0000000707e00000|  0%| F|  |TAMS 0x0000000707c00000| PB 0x0000000707c00000| Untracked |  0
|  24|0x0000000707e00000, 0x0000000707e00000, 0x0000000708000000|  0%| F|  |TAMS 0x0000000707e00000| PB 0x0000000707e00000| Untracked |  0
|  25|0x0000000708000000, 0x0000000708000000, 0x0000000708200000|  0%| F|  |TAMS 0x0000000708000000| PB 0x0000000708000000| Untracked |  0
|  26|0x0000000708200000, 0x0000000708200000, 0x0000000708400000|  0%| F|  |TAMS 0x0000000708200000| PB 0x0000000708200000| Untracked |  0
|  27|0x0000000708400000, 0x0000000708400000, 0x0000000708600000|  0%| F|  |TAMS 0x0000000708400000| PB 0x0000000708400000| Untracked |  0
|  28|0x0000000708600000, 0x0000000708600000, 0x0000000708800000|  0%| F|  |TAMS 0x0000000708600000| PB 0x0000000708600000| Untracked |  0
|  29|0x0000000708800000, 0x0000000708800000, 0x0000000708a00000|  0%| F|  |TAMS 0x0000000708800000| PB 0x0000000708800000| Untracked |  0
|  30|0x0000000708a00000, 0x0000000708a00000, 0x0000000708c00000|  0%| F|  |TAMS 0x0000000708a00000| PB 0x0000000708a00000| Untracked |  0
|  31|0x0000000708c00000, 0x0000000708c00000, 0x0000000708e00000|  0%| F|  |TAMS 0x0000000708c00000| PB 0x0000000708c00000| Untracked |  0
|  32|0x0000000708e00000, 0x0000000708e00000, 0x0000000709000000|  0%| F|  |TAMS 0x0000000708e00000| PB 0x0000000708e00000| Untracked |  0
|  33|0x0000000709000000, 0x0000000709000000, 0x0000000709200000|  0%| F|  |TAMS 0x0000000709000000| PB 0x0000000709000000| Untracked |  0
|  34|0x0000000709200000, 0x0000000709200000, 0x0000000709400000|  0%| F|  |TAMS 0x0000000709200000| PB 0x0000000709200000| Untracked |  0
|  35|0x0000000709400000, 0x0000000709400000, 0x0000000709600000|  0%| F|  |TAMS 0x0000000709400000| PB 0x0000000709400000| Untracked |  0
|  36|0x0000000709600000, 0x0000000709600000, 0x0000000709800000|  0%| F|  |TAMS 0x0000000709600000| PB 0x0000000709600000| Untracked |  0
|  37|0x0000000709800000, 0x0000000709800000, 0x0000000709a00000|  0%| F|  |TAMS 0x0000000709800000| PB 0x0000000709800000| Untracked |  0
|  38|0x0000000709a00000, 0x0000000709a00000, 0x0000000709c00000|  0%| F|  |TAMS 0x0000000709a00000| PB 0x0000000709a00000| Untracked |  0
|  39|0x0000000709c00000, 0x0000000709c00000, 0x0000000709e00000|  0%| F|  |TAMS 0x0000000709c00000| PB 0x0000000709c00000| Untracked |  0
|  40|0x0000000709e00000, 0x0000000709e00000, 0x000000070a000000|  0%| F|  |TAMS 0x0000000709e00000| PB 0x0000000709e00000| Untracked |  0
|  41|0x000000070a000000, 0x000000070a000000, 0x000000070a200000|  0%| F|  |TAMS 0x000000070a000000| PB 0x000000070a000000| Untracked |  0
|  42|0x000000070a200000, 0x000000070a200000, 0x000000070a400000|  0%| F|  |TAMS 0x000000070a200000| PB 0x000000070a200000| Untracked |  0
|  43|0x000000070a400000, 0x000000070a400000, 0x000000070a600000|  0%| F|  |TAMS 0x000000070a400000| PB 0x000000070a400000| Untracked |  0
|  44|0x000000070a600000, 0x000000070a600000, 0x000000070a800000|  0%| F|  |TAMS 0x000000070a600000| PB 0x000000070a600000| Untracked |  0
|  45|0x000000070a800000, 0x000000070a800000, 0x000000070aa00000|  0%| F|  |TAMS 0x000000070a800000| PB 0x000000070a800000| Untracked |  0
|  46|0x000000070aa00000, 0x000000070aa00000, 0x000000070ac00000|  0%| F|  |TAMS 0x000000070aa00000| PB 0x000000070aa00000| Untracked |  0
|  47|0x000000070ac00000, 0x000000070ac00000, 0x000000070ae00000|  0%| F|  |TAMS 0x000000070ac00000| PB 0x000000070ac00000| Untracked |  0
|  48|0x000000070ae00000, 0x000000070ae00000, 0x000000070b000000|  0%| F|  |TAMS 0x000000070ae00000| PB 0x000000070ae00000| Untracked |  0
|  49|0x000000070b000000, 0x000000070b000000, 0x000000070b200000|  0%| F|  |TAMS 0x000000070b000000| PB 0x000000070b000000| Untracked |  0
|  50|0x000000070b200000, 0x000000070b200000, 0x000000070b400000|  0%| F|  |TAMS 0x000000070b200000| PB 0x000000070b200000| Untracked |  0
|  51|0x000000070b400000, 0x000000070b400000, 0x000000070b600000|  0%| F|  |TAMS 0x000000070b400000| PB 0x000000070b400000| Untracked |  0
|  52|0x000000070b600000, 0x000000070b600000, 0x000000070b800000|  0%| F|  |TAMS 0x000000070b600000| PB 0x000000070b600000| Untracked |  0
|  53|0x000000070b800000, 0x000000070b800000, 0x000000070ba00000|  0%| F|  |TAMS 0x000000070b800000| PB 0x000000070b800000| Untracked |  0
|  54|0x000000070ba00000, 0x000000070ba00000, 0x000000070bc00000|  0%| F|  |TAMS 0x000000070ba00000| PB 0x000000070ba00000| Untracked |  0
|  55|0x000000070bc00000, 0x000000070bc00000, 0x000000070be00000|  0%| F|  |TAMS 0x000000070bc00000| PB 0x000000070bc00000| Untracked |  0
|  56|0x000000070be00000, 0x000000070be00000, 0x000000070c000000|  0%| F|  |TAMS 0x000000070be00000| PB 0x000000070be00000| Untracked |  0
|  57|0x000000070c000000, 0x000000070c000000, 0x000000070c200000|  0%| F|  |TAMS 0x000000070c000000| PB 0x000000070c000000| Untracked |  0
|  58|0x000000070c200000, 0x000000070c200000, 0x000000070c400000|  0%| F|  |TAMS 0x000000070c200000| PB 0x000000070c200000| Untracked |  0
|  59|0x000000070c400000, 0x000000070c400000, 0x000000070c600000|  0%| F|  |TAMS 0x000000070c400000| PB 0x000000070c400000| Untracked |  0
|  60|0x000000070c600000, 0x000000070c600000, 0x000000070c800000|  0%| F|  |TAMS 0x000000070c600000| PB 0x000000070c600000| Untracked |  0
|  61|0x000000070c800000, 0x000000070c800000, 0x000000070ca00000|  0%| F|  |TAMS 0x000000070c800000| PB 0x000000070c800000| Untracked |  0
|  62|0x000000070ca00000, 0x000000070ca00000, 0x000000070cc00000|  0%| F|  |TAMS 0x000000070ca00000| PB 0x000000070ca00000| Untracked |  0
|  63|0x000000070cc00000, 0x000000070cc00000, 0x000000070ce00000|  0%| F|  |TAMS 0x000000070cc00000| PB 0x000000070cc00000| Untracked |  0
|  64|0x000000070ce00000, 0x000000070ce00000, 0x000000070d000000|  0%| F|  |TAMS 0x000000070ce00000| PB 0x000000070ce00000| Untracked |  0
|  65|0x000000070d000000, 0x000000070d000000, 0x000000070d200000|  0%| F|  |TAMS 0x000000070d000000| PB 0x000000070d000000| Untracked |  0
|  66|0x000000070d200000, 0x000000070d200000, 0x000000070d400000|  0%| F|  |TAMS 0x000000070d200000| PB 0x000000070d200000| Untracked |  0
|  67|0x000000070d400000, 0x000000070d400000, 0x000000070d600000|  0%| F|  |TAMS 0x000000070d400000| PB 0x000000070d400000| Untracked |  0
|  68|0x000000070d600000, 0x000000070d600000, 0x000000070d800000|  0%| F|  |TAMS 0x000000070d600000| PB 0x000000070d600000| Untracked |  0
|  69|0x000000070d800000, 0x000000070d800000, 0x000000070da00000|  0%| F|  |TAMS 0x000000070d800000| PB 0x000000070d800000| Untracked |  0
|  70|0x000000070da00000, 0x000000070da00000, 0x000000070dc00000|  0%| F|  |TAMS 0x000000070da00000| PB 0x000000070da00000| Untracked |  0
|  71|0x000000070dc00000, 0x000000070dc00000, 0x000000070de00000|  0%| F|  |TAMS 0x000000070dc00000| PB 0x000000070dc00000| Untracked |  0
|  72|0x000000070de00000, 0x000000070de00000, 0x000000070e000000|  0%| F|  |TAMS 0x000000070de00000| PB 0x000000070de00000| Untracked |  0
|  73|0x000000070e000000, 0x000000070e000000, 0x000000070e200000|  0%| F|  |TAMS 0x000000070e000000| PB 0x000000070e000000| Untracked |  0
|  74|0x000000070e200000, 0x000000070e200000, 0x000000070e400000|  0%| F|  |TAMS 0x000000070e200000| PB 0x000000070e200000| Untracked |  0
|  75|0x000000070e400000, 0x000000070e400000, 0x000000070e600000|  0%| F|  |TAMS 0x000000070e400000| PB 0x000000070e400000| Untracked |  0
|  76|0x000000070e600000, 0x000000070e600000, 0x000000070e800000|  0%| F|  |TAMS 0x000000070e600000| PB 0x000000070e600000| Untracked |  0
|  77|0x000000070e800000, 0x000000070e800000, 0x000000070ea00000|  0%| F|  |TAMS 0x000000070e800000| PB 0x000000070e800000| Untracked |  0
|  78|0x000000070ea00000, 0x000000070ea00000, 0x000000070ec00000|  0%| F|  |TAMS 0x000000070ea00000| PB 0x000000070ea00000| Untracked |  0
|  79|0x000000070ec00000, 0x000000070ec00000, 0x000000070ee00000|  0%| F|  |TAMS 0x000000070ec00000| PB 0x000000070ec00000| Untracked |  0
|  80|0x000000070ee00000, 0x000000070ee00000, 0x000000070f000000|  0%| F|  |TAMS 0x000000070ee00000| PB 0x000000070ee00000| Untracked |  0
|  81|0x000000070f000000, 0x000000070f000000, 0x000000070f200000|  0%| F|  |TAMS 0x000000070f000000| PB 0x000000070f000000| Untracked |  0
|  82|0x000000070f200000, 0x000000070f200000, 0x000000070f400000|  0%| F|  |TAMS 0x000000070f200000| PB 0x000000070f200000| Untracked |  0
|  83|0x000000070f400000, 0x000000070f400000, 0x000000070f600000|  0%| F|  |TAMS 0x000000070f400000| PB 0x000000070f400000| Untracked |  0
|  84|0x000000070f600000, 0x000000070f600000, 0x000000070f800000|  0%| F|  |TAMS 0x000000070f600000| PB 0x000000070f600000| Untracked |  0
|  85|0x000000070f800000, 0x000000070f800000, 0x000000070fa00000|  0%| F|  |TAMS 0x000000070f800000| PB 0x000000070f800000| Untracked |  0
|  86|0x000000070fa00000, 0x000000070fa00000, 0x000000070fc00000|  0%| F|  |TAMS 0x000000070fa00000| PB 0x000000070fa00000| Untracked |  0
|  87|0x000000070fc00000, 0x000000070fc00000, 0x000000070fe00000|  0%| F|  |TAMS 0x000000070fc00000| PB 0x000000070fc00000| Untracked |  0
|  88|0x000000070fe00000, 0x000000070fe00000, 0x0000000710000000|  0%| F|  |TAMS 0x000000070fe00000| PB 0x000000070fe00000| Untracked |  0
|  89|0x0000000710000000, 0x0000000710000000, 0x0000000710200000|  0%| F|  |TAMS 0x0000000710000000| PB 0x0000000710000000| Untracked |  0
|  90|0x0000000710200000, 0x0000000710200000, 0x0000000710400000|  0%| F|  |TAMS 0x0000000710200000| PB 0x0000000710200000| Untracked |  0
|  91|0x0000000710400000, 0x0000000710400000, 0x0000000710600000|  0%| F|  |TAMS 0x0000000710400000| PB 0x0000000710400000| Untracked |  0
|  92|0x0000000710600000, 0x0000000710600000, 0x0000000710800000|  0%| F|  |TAMS 0x0000000710600000| PB 0x0000000710600000| Untracked |  0
|  93|0x0000000710800000, 0x0000000710800000, 0x0000000710a00000|  0%| F|  |TAMS 0x0000000710800000| PB 0x0000000710800000| Untracked |  0
|  94|0x0000000710a00000, 0x0000000710a00000, 0x0000000710c00000|  0%| F|  |TAMS 0x0000000710a00000| PB 0x0000000710a00000| Untracked |  0
|  95|0x0000000710c00000, 0x0000000710c00000, 0x0000000710e00000|  0%| F|  |TAMS 0x0000000710c00000| PB 0x0000000710c00000| Untracked |  0
|  96|0x0000000710e00000, 0x0000000710e00000, 0x0000000711000000|  0%| F|  |TAMS 0x0000000710e00000| PB 0x0000000710e00000| Untracked |  0
|  97|0x0000000711000000, 0x0000000711000000, 0x0000000711200000|  0%| F|  |TAMS 0x0000000711000000| PB 0x0000000711000000| Untracked |  0
|  98|0x0000000711200000, 0x0000000711200000, 0x0000000711400000|  0%| F|  |TAMS 0x0000000711200000| PB 0x0000000711200000| Untracked |  0
|  99|0x0000000711400000, 0x0000000711400000, 0x0000000711600000|  0%| F|  |TAMS 0x0000000711400000| PB 0x0000000711400000| Untracked |  0
| 100|0x0000000711600000, 0x0000000711600000, 0x0000000711800000|  0%| F|  |TAMS 0x0000000711600000| PB 0x0000000711600000| Untracked |  0
| 101|0x0000000711800000, 0x0000000711800000, 0x0000000711a00000|  0%| F|  |TAMS 0x0000000711800000| PB 0x0000000711800000| Untracked |  0
| 102|0x0000000711a00000, 0x0000000711a00000, 0x0000000711c00000|  0%| F|  |TAMS 0x0000000711a00000| PB 0x0000000711a00000| Untracked |  0
| 103|0x0000000711c00000, 0x0000000711c00000, 0x0000000711e00000|  0%| F|  |TAMS 0x0000000711c00000| PB 0x0000000711c00000| Untracked |  0
| 104|0x0000000711e00000, 0x0000000711e00000, 0x0000000712000000|  0%| F|  |TAMS 0x0000000711e00000| PB 0x0000000711e00000| Untracked |  0
| 105|0x0000000712000000, 0x0000000712000000, 0x0000000712200000|  0%| F|  |TAMS 0x0000000712000000| PB 0x0000000712000000| Untracked |  0
| 106|0x0000000712200000, 0x0000000712200000, 0x0000000712400000|  0%| F|  |TAMS 0x0000000712200000| PB 0x0000000712200000| Untracked |  0
| 107|0x0000000712400000, 0x0000000712400000, 0x0000000712600000|  0%| F|  |TAMS 0x0000000712400000| PB 0x0000000712400000| Untracked |  0
| 108|0x0000000712600000, 0x00000007127eb8a0, 0x0000000712800000| 96%| E|  |TAMS 0x0000000712600000| PB 0x0000000712600000| Complete |  0
| 109|0x0000000712800000, 0x0000000712a00000, 0x0000000712a00000|100%| E|CS|TAMS 0x0000000712800000| PB 0x0000000712800000| Complete |  0
| 110|0x0000000712a00000, 0x0000000712c00000, 0x0000000712c00000|100%| E|CS|TAMS 0x0000000712a00000| PB 0x0000000712a00000| Complete |  0
| 111|0x0000000712c00000, 0x0000000712e00000, 0x0000000712e00000|100%| E|CS|TAMS 0x0000000712c00000| PB 0x0000000712c00000| Complete |  0
| 112|0x0000000712e00000, 0x0000000713000000, 0x0000000713000000|100%| E|CS|TAMS 0x0000000712e00000| PB 0x0000000712e00000| Complete |  0
| 113|0x0000000713000000, 0x0000000713200000, 0x0000000713200000|100%| E|CS|TAMS 0x0000000713000000| PB 0x0000000713000000| Complete |  0
| 114|0x0000000713200000, 0x0000000713400000, 0x0000000713400000|100%| E|CS|TAMS 0x0000000713200000| PB 0x0000000713200000| Complete |  0
| 115|0x0000000713400000, 0x0000000713600000, 0x0000000713600000|100%| E|CS|TAMS 0x0000000713400000| PB 0x0000000713400000| Complete |  0
| 116|0x0000000713600000, 0x0000000713800000, 0x0000000713800000|100%| E|CS|TAMS 0x0000000713600000| PB 0x0000000713600000| Complete |  0
| 117|0x0000000713800000, 0x0000000713a00000, 0x0000000713a00000|100%| E|CS|TAMS 0x0000000713800000| PB 0x0000000713800000| Complete |  0
| 118|0x0000000713a00000, 0x0000000713c00000, 0x0000000713c00000|100%| E|CS|TAMS 0x0000000713a00000| PB 0x0000000713a00000| Complete |  0
| 119|0x0000000713c00000, 0x0000000713e00000, 0x0000000713e00000|100%| E|CS|TAMS 0x0000000713c00000| PB 0x0000000713c00000| Complete |  0
| 120|0x0000000713e00000, 0x0000000714000000, 0x0000000714000000|100%| E|CS|TAMS 0x0000000713e00000| PB 0x0000000713e00000| Complete |  0
| 121|0x0000000714000000, 0x0000000714200000, 0x0000000714200000|100%| E|CS|TAMS 0x0000000714000000| PB 0x0000000714000000| Complete |  0
| 122|0x0000000714200000, 0x0000000714400000, 0x0000000714400000|100%| E|CS|TAMS 0x0000000714200000| PB 0x0000000714200000| Complete |  0
| 123|0x0000000714400000, 0x0000000714600000, 0x0000000714600000|100%| E|CS|TAMS 0x0000000714400000| PB 0x0000000714400000| Complete |  0
| 124|0x0000000714600000, 0x0000000714800000, 0x0000000714800000|100%| E|  |TAMS 0x0000000714600000| PB 0x0000000714600000| Complete |  0
| 125|0x0000000714800000, 0x0000000714a00000, 0x0000000714a00000|100%| E|CS|TAMS 0x0000000714800000| PB 0x0000000714800000| Complete |  0
|2008|0x00000007ffe00000, 0x00000007fff1c288, 0x0000000800000000| 55%| O|  |TAMS 0x00000007ffe00000| PB 0x00000007ffe00000| Untracked |  0

Card table byte_map: [0x0000025129be0000,0x000002512a3c0000] _byte_map_base: 0x00000251263b9000

Marking Bits: (CMBitMap*) 0x000002510f36e170
 Bits: [0x000002512a3c0000, 0x000002512e288000)

Polling page: 0x000002510f400000

Metaspace:

Usage:
  Non-class:      7.43 MB used.
      Class:    816.40 KB used.
       Both:      8.23 MB used.

Virtual space:
  Non-class space:       64.00 MB reserved,       7.56 MB ( 12%) committed,  1 nodes.
      Class space:        1.00 GB reserved,     960.00 KB ( <1%) committed,  1 nodes.
             Both:        1.06 GB reserved,       8.50 MB ( <1%) committed. 

Chunk freelists:
   Non-Class:  8.40 MB
       Class:  15.05 MB
        Both:  23.45 MB

MaxMetaspaceSize: unlimited
CompressedClassSpaceSize: 1.00 GB
Initial GC threshold: 21.00 MB
Current GC threshold: 21.00 MB
CDS: on
 - commit_granule_bytes: 65536.
 - commit_granule_words: 8192.
 - virtual_space_node_default_size: 8388608.
 - enlarge_chunks_in_place: 1.
UseCompressedClassPointers 1, UseCompactObjectHeaders 0
Narrow klass pointer bits 32, Max shift 3
Narrow klass base: 0x0000025131000000, Narrow klass shift: 0
Encoding Range: [0x0000025131000000 - 0x0000025231000000), (4294967296 bytes)
Klass Range:    [0x0000025131000000 - 0x0000025172000000), (1090519040 bytes)
Klass ID Range:  [8 - 1090519033) (1090519025)


Internal statistics:

num_allocs_failed_limit: 0.
num_arena_births: 198.
num_arena_deaths: 0.
num_vsnodes_births: 2.
num_vsnodes_deaths: 0.
num_space_committed: 136.
num_space_uncommitted: 0.
num_chunks_returned_to_freelist: 0.
num_chunks_taken_from_freelist: 262.
num_chunk_merges: 0.
num_chunk_splits: 166.
num_chunks_enlarged: 87.
num_inconsistent_stats: 0.

CodeHeap 'non-profiled nmethods': size=120064Kb used=668Kb max_used=668Kb free=119395Kb
 bounds [0x0000025121860000, 0x0000025121ad0000, 0x0000025128da0000]
CodeHeap 'profiled nmethods': size=120000Kb used=2406Kb max_used=2406Kb free=117593Kb
 bounds [0x0000025119da0000, 0x000002511a010000, 0x00000251212d0000]
CodeHeap 'non-nmethods': size=5696Kb used=1334Kb max_used=1389Kb free=4361Kb
 bounds [0x00000251212d0000, 0x0000025121540000, 0x0000025121860000]
CodeCache: size=245760Kb, used=4408Kb, max_used=4463Kb, free=241349Kb
 total_blobs=2412, nmethods=1909, adapters=408, full_count=0
Compilation: enabled, stopped_count=0, restarted_count=0

Compilation events (20 events):
Event: 9.768 Thread 0x00000251760300d0 nmethod 1899 0x0000025121903a08 code [0x0000025121903b00, 0x0000025121903bc8]
Event: 9.768 Thread 0x00000251760300d0 1900       1       jdk.jfr.internal.Control::getLastValue (5 bytes)
Event: 9.768 Thread 0x00000251760300d0 nmethod 1900 0x0000025121903d08 code [0x0000025121903e00, 0x0000025121903ec8]
Event: 9.768 Thread 0x00000251760300d0 1908       1       jdk.jfr.internal.periodic.PeriodicTask::getPeriod (5 bytes)
Event: 9.768 Thread 0x00000251760300d0 nmethod 1908 0x0000025121904008 code [0x0000025121904100, 0x00000251219041c8]
Event: 9.768 Thread 0x00000251760300d0 1906       1       jdk.jfr.internal.PlatformEventType::isEnabled (5 bytes)
Event: 9.768 Thread 0x00000251764daea0 nmethod 1893 0x0000025121904308 code [0x0000025121904420, 0x0000025121904948]
Event: 9.768 Thread 0x00000251760300d0 nmethod 1906 0x0000025121904988 code [0x0000025121904a80, 0x0000025121904b48]
Event: 9.768 Thread 0x00000251760300d0 1901       1       jdk.jfr.internal.settings.BooleanSetting::getValue (5 bytes)
Event: 9.768 Thread 0x00000251760300d0 nmethod 1901 0x0000025121904c88 code [0x0000025121904d80, 0x0000025121904e48]
Event: 9.768 Thread 0x00000251760300d0 1903       1       jdk.jfr.internal.EventControl::getEventType (5 bytes)
Event: 9.769 Thread 0x00000251760300d0 nmethod 1903 0x0000025121904f88 code [0x0000025121905080, 0x0000025121905148]
Event: 9.769 Thread 0x00000251760300d0 1904       1       jdk.jfr.internal.EventControl::getSettingsId (5 bytes)
Event: 9.769 Thread 0x00000251760300d0 nmethod 1904 0x0000025121905288 code [0x0000025121905380, 0x0000025121905448]
Event: 9.769 Thread 0x00000251760300d0 1905       1       jdk.jfr.internal.EventControl::getNamedControls (5 bytes)
Event: 9.769 Thread 0x00000251760300d0 nmethod 1905 0x0000025121905588 code [0x0000025121905680, 0x0000025121905748]
Event: 9.769 Thread 0x00000251760300d0 1907       1       jdk.jfr.internal.periodic.EventTask::getEventType (5 bytes)
Event: 9.769 Thread 0x00000251760300d0 nmethod 1907 0x0000025121905888 code [0x0000025121905980, 0x0000025121905a48]
Event: 9.770 Thread 0x0000025176009900 nmethod 1883 0x0000025121905b88 code [0x0000025121905d20, 0x00000251219063f8]
Event: 9.774 Thread 0x00000251764db630 nmethod 1871 0x0000025121906488 code [0x00000251219066a0, 0x00000251219071b8]

GC Heap History (0 events):
No events

Dll operation events (12 events):
Event: 0.007 Loaded shared library C:\Users\Mina.TAmin\.jdks\openjdk-24.0.1\bin\java.dll
Event: 0.048 Loaded shared library C:\Users\Mina.TAmin\.jdks\openjdk-24.0.1\bin\jsvml.dll
Event: 0.094 Loaded shared library C:\Users\Mina.TAmin\.jdks\openjdk-24.0.1\bin\zip.dll
Event: 0.096 Loaded shared library C:\Users\Mina.TAmin\.jdks\openjdk-24.0.1\bin\instrument.dll
Event: 0.102 Loaded shared library C:\Users\Mina.TAmin\.jdks\openjdk-24.0.1\bin\net.dll
Event: 0.106 Loaded shared library C:\Users\Mina.TAmin\.jdks\openjdk-24.0.1\bin\nio.dll
Event: 0.109 Loaded shared library C:\Users\Mina.TAmin\.jdks\openjdk-24.0.1\bin\zip.dll
Event: 0.167 Loaded shared library C:\Users\Mina.TAmin\.jdks\openjdk-24.0.1\bin\extnet.dll
Event: 0.175 Loaded shared library C:\Users\Mina.TAmin\.jdks\openjdk-24.0.1\bin\jimage.dll
Event: 0.202 Loaded shared library C:\Users\Mina.TAmin\.jdks\openjdk-24.0.1\bin\management.dll
Event: 0.208 Loaded shared library C:\Users\Mina.TAmin\.jdks\openjdk-24.0.1\bin\management_ext.dll
Event: 9.575 Loaded shared library C:\Users\Mina.TAmin\AppData\Local\Temp\idea_libasyncProfiler_dll_temp_folder\libasyncProfiler.dll

Deoptimization events (20 events):
Event: 9.609 Thread 0x0000025130d96b40 Uncommon trap: trap_request=0xffffff4d fr.pc=0x000002512189d214 relative=0x0000000000000a94
Event: 9.609 Thread 0x0000025130d96b40 Uncommon trap: reason=unstable_if action=reinterpret pc=0x000002512189d214 method=java.util.HashMap.hash(Ljava/lang/Object;)I @ 1 c2
Event: 9.609 Thread 0x0000025130d96b40 DEOPT PACKING pc=0x000002512189d214 sp=0x00000069f76fc880
Event: 9.609 Thread 0x0000025130d96b40 DEOPT UNPACKING pc=0x00000251213e5c02 sp=0x00000069f76fc800 mode 2
Event: 9.609 Thread 0x0000025130d96b40 Uncommon trap: trap_request=0xffffff4d fr.pc=0x000002512186fe28 relative=0x00000000000000a8
Event: 9.609 Thread 0x0000025130d96b40 Uncommon trap: reason=unstable_if action=reinterpret pc=0x000002512186fe28 method=java.util.HashMap.hash(Ljava/lang/Object;)I @ 1 c2
Event: 9.609 Thread 0x0000025130d96b40 DEOPT PACKING pc=0x000002512186fe28 sp=0x00000069f76fc860
Event: 9.610 Thread 0x0000025130d96b40 DEOPT UNPACKING pc=0x00000251213e5c02 sp=0x00000069f76fc7f8 mode 2
Event: 9.697 Thread 0x0000025130d96b40 Uncommon trap: trap_request=0xffffff4d fr.pc=0x00000251218eeae0 relative=0x00000000000000c0
Event: 9.697 Thread 0x0000025130d96b40 Uncommon trap: reason=unstable_if action=reinterpret pc=0x00000251218eeae0 method=jdk.jfr.internal.Type.getKnownType(Ljava/lang/Class;)Ljdk/jfr/internal/Type; @ 47 c2
Event: 9.697 Thread 0x0000025130d96b40 DEOPT PACKING pc=0x00000251218eeae0 sp=0x00000069f76fe220
Event: 9.697 Thread 0x0000025130d96b40 DEOPT UNPACKING pc=0x00000251213e5c02 sp=0x00000069f76fe1b8 mode 2
Event: 9.703 Thread 0x0000025130d96b40 Uncommon trap: trap_request=0xffffff4d fr.pc=0x00000251218c9f54 relative=0x0000000000000374
Event: 9.703 Thread 0x0000025130d96b40 Uncommon trap: reason=unstable_if action=reinterpret pc=0x00000251218c9f54 method=java.util.concurrent.ConcurrentHashMap.get(Ljava/lang/Object;)Ljava/lang/Object; @ 76 c2
Event: 9.703 Thread 0x0000025130d96b40 DEOPT PACKING pc=0x00000251218c9f54 sp=0x00000069f76fe240
Event: 9.703 Thread 0x0000025130d96b40 DEOPT UNPACKING pc=0x00000251213e5c02 sp=0x00000069f76fe1b8 mode 2
Event: 9.709 Thread 0x0000025130d96b40 Uncommon trap: trap_request=0xffffffcc fr.pc=0x00000251218f36fc relative=0x00000000000003bc
Event: 9.709 Thread 0x0000025130d96b40 Uncommon trap: reason=intrinsic_or_type_checked_inlining action=make_not_entrant pc=0x00000251218f36fc method=java.util.Arrays.copyOf([Ljava/lang/Object;ILjava/lang/Class;)[Ljava/lang/Object; @ 35 c2
Event: 9.709 Thread 0x0000025130d96b40 DEOPT PACKING pc=0x00000251218f36fc sp=0x00000069f76fe390
Event: 9.709 Thread 0x0000025130d96b40 DEOPT UNPACKING pc=0x00000251213e5c02 sp=0x00000069f76fe338 mode 2

Classes loaded (20 events):
Event: 9.740 Loading class jdk/jfr/internal/MetadataWriter
Event: 9.741 Loading class jdk/jfr/internal/MetadataWriter done
Event: 9.741 Loading class jdk/jfr/internal/MetadataDescriptor$Element
Event: 9.741 Loading class jdk/jfr/internal/MetadataDescriptor$Element done
Event: 9.741 Loading class jdk/jfr/internal/MetadataDescriptor$Attribute
Event: 9.741 Loading class jdk/jfr/internal/MetadataDescriptor$Attribute done
Event: 9.747 Loading class jdk/jfr/internal/consumer/StringParser$Encoding
Event: 9.748 Loading class jdk/jfr/internal/consumer/StringParser$Encoding done
Event: 9.757 Loading class jdk/jfr/internal/consumer/RepositoryFiles
Event: 9.757 Loading class jdk/jfr/internal/consumer/RepositoryFiles done
Event: 9.760 Loading class jdk/jfr/internal/SettingsManager$InternalSetting
Event: 9.760 Loading class jdk/jfr/internal/SettingsManager$InternalSetting done
Event: 9.762 Loading class jdk/jfr/internal/util/Rate
Event: 9.762 Loading class jdk/jfr/internal/util/Rate done
Event: 9.762 Loading class jdk/jfr/internal/util/TimespanUnit
Event: 9.762 Loading class jdk/jfr/internal/util/TimespanUnit done
Event: 9.762 Loading class jdk/jfr/internal/util/ValueParser
Event: 9.762 Loading class jdk/jfr/internal/util/ValueParser done
Event: 9.763 Loading class jdk/jfr/internal/periodic/PeriodicType
Event: 9.763 Loading class jdk/jfr/internal/periodic/PeriodicType done

Classes unloaded (0 events):
No events

Classes redefined (0 events):
No events

Internal exceptions (20 events):
Event: 0.576 Thread 0x000002517654e2c0 Exception <a 'java/lang/NoSuchMethodError'{0x0000000713313148}: 'java.lang.Object java.lang.invoke.Invokers$Holder.invokeExact_MT(java.lang.Object, java.lang.Object, java.lang.Object, java.lang.Object, java.lang.Object, java.lang.Object)'> (0x0000000713313148) 
thrown [s\open\src\hotspot\share\interpreter\linkResolver.cpp, line 805]
Event: 0.579 Thread 0x000002517654e2c0 Exception <a 'java/lang/NoSuchMethodError'{0x000000071331ee88}: 'java.lang.Object java.lang.invoke.DirectMethodHandle$Holder.invokeInterface(java.lang.Object, java.lang.Object, java.lang.Object, java.lang.Object, java.lang.Object)'> (0x000000071331ee88) 
thrown [s\open\src\hotspot\share\interpreter\linkResolver.cpp, line 805]
Event: 0.590 Thread 0x000002517654e2c0 Exception <a 'java/lang/NoSuchMethodError'{0x0000000713369758}: 'double java.lang.invoke.DirectMethodHandle$Holder.invokeInterface(java.lang.Object, java.lang.Object)'> (0x0000000713369758) 
thrown [s\open\src\hotspot\share\interpreter\linkResolver.cpp, line 805]
Event: 0.592 Thread 0x000002517654e2c0 Exception <a 'java/lang/NoSuchMethodError'{0x000000071337a3c8}: 'double java.lang.invoke.DelegatingMethodHandle$Holder.reinvoke_L(java.lang.Object, java.lang.Object)'> (0x000000071337a3c8) 
thrown [s\open\src\hotspot\share\interpreter\linkResolver.cpp, line 805]
Event: 0.730 Thread 0x000002517654e2c0 Exception <a 'java/lang/NoSuchMethodError'{0x00000007133a1f70}: 'long java.lang.invoke.DirectMethodHandle$Holder.invokeVirtual(java.lang.Object, java.lang.Object)'> (0x00000007133a1f70) 
thrown [s\open\src\hotspot\share\interpreter\linkResolver.cpp, line 805]
Event: 0.731 Thread 0x000002517654e2c0 Exception <a 'java/lang/NoSuchMethodError'{0x00000007133aa260}: 'java.lang.Object java.lang.invoke.DirectMethodHandle$Holder.invokeStatic(java.lang.Object, long)'> (0x00000007133aa260) 
thrown [s\open\src\hotspot\share\interpreter\linkResolver.cpp, line 805]
Event: 0.731 Thread 0x000002517654e2c0 Exception <a 'java/lang/NoSuchMethodError'{0x00000007133ba308}: 'long java.lang.invoke.DelegatingMethodHandle$Holder.reinvoke_L(java.lang.Object, java.lang.Object)'> (0x00000007133ba308) 
thrown [s\open\src\hotspot\share\interpreter\linkResolver.cpp, line 805]
Event: 9.609 Thread 0x0000025130d96b40 Implicit null exception at 0x000002512189c7b9 to 0x000002512189d1fc
Event: 9.609 Thread 0x0000025130d96b40 Implicit null exception at 0x000002512186fd9d to 0x000002512186fe19
Event: 9.612 Thread 0x0000025130d96b40 Exception <a 'java/lang/NoSuchMethodError'{0x000000071312f1d0}: 'java.lang.Object java.lang.invoke.DirectMethodHandle$Holder.invokeStatic(java.lang.Object, int, java.lang.Object)'> (0x000000071312f1d0) 
thrown [s\open\src\hotspot\share\interpreter\linkResolver.cpp, line 805]
Event: 9.627 Thread 0x0000025130d96b40 Exception <a 'java/lang/NoSuchMethodError'{0x0000000713167850}: 'void java.lang.invoke.DirectMethodHandle$Holder.invokeStaticInit(java.lang.Object)'> (0x0000000713167850) 
thrown [s\open\src\hotspot\share\interpreter\linkResolver.cpp, line 805]
Event: 9.638 Thread 0x0000025130d96b40 Exception <a 'java/lang/NoSuchMethodError'{0x00000007131c5d88}: 'java.lang.Object java.lang.invoke.DirectMethodHandle$Holder.newInvokeSpecial(java.lang.Object, java.lang.Object, java.lang.Object, java.lang.Object, java.lang.Object)'> (0x00000007131c5d88) 
thrown [s\open\src\hotspot\share\interpreter\linkResolver.cpp, line 805]
Event: 9.667 Thread 0x0000025130d96b40 Exception <a 'java/lang/NoSuchMethodError'{0x0000000712f5cb40}: 'int java.lang.invoke.DirectMethodHandle$Holder.invokeStatic(java.lang.Object, java.lang.Object, java.lang.Object, java.lang.Object)'> (0x0000000712f5cb40) 
thrown [s\open\src\hotspot\share\interpreter\linkResolver.cpp, line 805]
Event: 9.729 Thread 0x0000025130d96b40 Exception <a 'java/lang/NoSuchMethodError'{0x0000000712b6e4f8}: 'void java.lang.invoke.DirectMethodHandle$Holder.invokeSpecial(java.lang.Object, java.lang.Object, int)'> (0x0000000712b6e4f8) 
thrown [s\open\src\hotspot\share\interpreter\linkResolver.cpp, line 805]
Event: 9.729 Thread 0x0000025130d96b40 Exception <a 'java/lang/NoSuchMethodError'{0x0000000712b76118}: 'void java.lang.invoke.Invokers$Holder.invokeExact_MT(java.lang.Object, int, java.lang.Object)'> (0x0000000712b76118) 
thrown [s\open\src\hotspot\share\interpreter\linkResolver.cpp, line 805]
Event: 9.730 Thread 0x0000025130d96b40 Exception <a 'java/lang/NoSuchMethodError'{0x0000000712b90560}: 'void java.lang.invoke.DirectMethodHandle$Holder.invokeStatic(java.lang.Object, java.lang.Object, int)'> (0x0000000712b90560) 
thrown [s\open\src\hotspot\share\interpreter\linkResolver.cpp, line 805]
Event: 9.730 Thread 0x0000025130d96b40 Exception <a 'java/lang/NoSuchMethodError'{0x0000000712b9f468}: 'java.lang.Object java.lang.invoke.DirectMethodHandle$Holder.newInvokeSpecial(java.lang.Object, java.lang.Object, int)'> (0x0000000712b9f468) 
thrown [s\open\src\hotspot\share\interpreter\linkResolver.cpp, line 805]
Event: 9.735 Thread 0x0000025130d96b40 Exception <a 'sun/nio/fs/WindowsException'{0x0000000712bd3750}> (0x0000000712bd3750) 
thrown [s\open\src\hotspot\share\prims\jni.cpp, line 518]
Event: 9.737 Thread 0x0000025130d96b40 Exception <a 'sun/nio/fs/WindowsException'{0x0000000712be04b8}> (0x0000000712be04b8) 
thrown [s\open\src\hotspot\share\prims\jni.cpp, line 518]
Event: 9.739 Thread 0x0000025130d96b40 Exception <a 'sun/nio/fs/WindowsException'{0x0000000712805e28}> (0x0000000712805e28) 
thrown [s\open\src\hotspot\share\prims\jni.cpp, line 518]

VM Operations (14 events):
Event: 0.181 Executing VM operation: HandshakeAllThreads (Deoptimize)
Event: 0.182 Executing VM operation: HandshakeAllThreads (Deoptimize) done
Event: 0.248 Executing VM operation: HandshakeAllThreads (Deoptimize)
Event: 0.248 Executing VM operation: HandshakeAllThreads (Deoptimize) done
Event: 0.261 Executing VM operation: HandshakeAllThreads (Deoptimize)
Event: 0.261 Executing VM operation: HandshakeAllThreads (Deoptimize) done
Event: 0.456 Executing VM operation: HandshakeAllThreads (Deoptimize)
Event: 0.456 Executing VM operation: HandshakeAllThreads (Deoptimize) done
Event: 0.550 Executing VM operation: HandshakeAllThreads (Deoptimize)
Event: 0.550 Executing VM operation: HandshakeAllThreads (Deoptimize) done
Event: 9.732 Executing VM operation: HandshakeAllThreads (Deoptimize)
Event: 9.733 Executing VM operation: HandshakeAllThreads (Deoptimize) done
Event: 9.758 Executing VM operation: JFRSafepointClear
Event: 9.758 Executing VM operation: JFRSafepointClear done

Memory protections (0 events):
No events

Nmethod flushes (0 events):
No events

Events (20 events):
Event: 0.044 Thread 0x00000251114f9330 Thread added: 0x0000025130d9b2a0
Event: 0.044 Thread 0x00000251114f9330 Thread added: 0x0000025130d9b9e0
Event: 0.044 Thread 0x00000251114f9330 Thread added: 0x0000025176009900
Event: 0.045 Thread 0x00000251114f9330 Thread added: 0x00000251760300d0
Event: 0.098 Thread 0x00000251114f9330 Thread added: 0x00000251761b8040
Event: 0.115 Thread 0x00000251760300d0 Thread added: 0x0000025176236d50
Event: 0.121 Thread 0x00000251760300d0 Thread added: 0x00000251762d7640
Event: 0.154 Thread 0x00000251114f9330 Thread added: 0x0000025176394500
Event: 0.154 Thread 0x00000251114f9330 Thread added: 0x0000025176486290
Event: 0.516 Thread 0x0000025130d96b40 Thread added: 0x00000251770d4c80
Event: 0.529 Thread 0x00000251770d4c80 Thread added: 0x000002517654e2c0
Event: 0.530 Thread 0x00000251114f9330 Thread added: 0x000002517654ecd0
Event: 0.543 Thread 0x000002517654e2c0 Thread added: 0x000002517724f2e0
Event: 0.549 Thread 0x000002517654e2c0 Thread added: 0x0000025177256a10
Event: 0.729 Thread 0x00000251762d7640 Thread exited: 0x00000251762d7640
Event: 0.730 Thread 0x0000025176236d50 Thread exited: 0x0000025176236d50
Event: 9.590 Thread 0x00000251760300d0 Thread added: 0x00000251764daea0
Event: 9.590 Thread 0x00000251760300d0 Thread added: 0x00000251764db630
Event: 9.621 Thread 0x0000025130d96b40 Thread added: 0x00000251769971f0
Event: 9.730 Thread 0x0000025130d96b40 Thread added: 0x00000251766b43f0


Dynamic libraries:
0x00007ff75ab00000 - 0x00007ff75ab0e000 	C:\Users\Mina.TAmin\.jdks\openjdk-24.0.1\bin\java.exe
0x00007ff8da730000 - 0x00007ff8da928000 	C:\windows\SYSTEM32\ntdll.dll
0x00007ff8d9790000 - 0x00007ff8d9851000 	C:\windows\System32\KERNEL32.DLL
0x00007ff8d8180000 - 0x00007ff8d847d000 	C:\windows\System32\KERNELBASE.dll
0x00007ff8d8480000 - 0x00007ff8d8580000 	C:\windows\System32\ucrtbase.dll
0x00007ff8d2220000 - 0x00007ff8d2236000 	C:\Users\Mina.TAmin\.jdks\openjdk-24.0.1\bin\jli.dll
0x00007ff8c4080000 - 0x00007ff8c409b000 	C:\Users\Mina.TAmin\.jdks\openjdk-24.0.1\bin\VCRUNTIME140.dll
0x00007ff8d9430000 - 0x00007ff8d95cd000 	C:\windows\System32\USER32.dll
0x00007ff8d8730000 - 0x00007ff8d8752000 	C:\windows\System32\win32u.dll
0x00007ff8ab210000 - 0x00007ff8ab4aa000 	C:\windows\WinSxS\amd64_microsoft.windows.common-controls_6595b64144ccf1df_6.0.19041.4355_none_60b8b9eb71f62e16\COMCTL32.dll
0x00007ff8da660000 - 0x00007ff8da68b000 	C:\windows\System32\GDI32.dll
0x00007ff8d9980000 - 0x00007ff8d9a1e000 	C:\windows\System32\msvcrt.dll
0x00007ff8d7fb0000 - 0x00007ff8d80c7000 	C:\windows\System32\gdi32full.dll
0x00007ff8d8580000 - 0x00007ff8d861d000 	C:\windows\System32\msvcp_win.dll
0x00007ff8d95d0000 - 0x00007ff8d95ff000 	C:\windows\System32\IMM32.DLL
0x00007ff8d2290000 - 0x00007ff8d229c000 	C:\Users\Mina.TAmin\.jdks\openjdk-24.0.1\bin\vcruntime140_1.dll
0x00007ff8a4450000 - 0x00007ff8a44de000 	C:\Users\Mina.TAmin\.jdks\openjdk-24.0.1\bin\msvcp140.dll
0x00007ff866a00000 - 0x00007ff8677a2000 	C:\Users\Mina.TAmin\.jdks\openjdk-24.0.1\bin\server\jvm.dll
0x00007ff8d8c10000 - 0x00007ff8d8cc0000 	C:\windows\System32\ADVAPI32.dll
0x00007ff8d8760000 - 0x00007ff8d8800000 	C:\windows\System32\sechost.dll
0x00007ff8d8800000 - 0x00007ff8d8923000 	C:\windows\System32\RPCRT4.dll
0x00007ff8d8700000 - 0x00007ff8d8727000 	C:\windows\System32\bcrypt.dll
0x00007ff8d9670000 - 0x00007ff8d96db000 	C:\windows\System32\WS2_32.dll
0x00007ff8d1890000 - 0x00007ff8d18b7000 	C:\windows\SYSTEM32\WINMM.dll
0x00007ff8d7b80000 - 0x00007ff8d7bcb000 	C:\windows\SYSTEM32\POWRPROF.dll
0x00007ff8d2920000 - 0x00007ff8d292a000 	C:\windows\SYSTEM32\VERSION.dll
0x00007ff8d7b60000 - 0x00007ff8d7b72000 	C:\windows\SYSTEM32\UMPDC.dll
0x00007ff8d6410000 - 0x00007ff8d6422000 	C:\windows\SYSTEM32\kernel.appcore.dll
0x00007ff8c4070000 - 0x00007ff8c407a000 	C:\Users\Mina.TAmin\.jdks\openjdk-24.0.1\bin\jimage.dll
0x00007ff8d60a0000 - 0x00007ff8d6284000 	C:\windows\SYSTEM32\DBGHELP.DLL
0x00007ff8d1850000 - 0x00007ff8d1884000 	C:\windows\SYSTEM32\dbgcore.DLL
0x00007ff8d8620000 - 0x00007ff8d86a2000 	C:\windows\System32\bcryptPrimitives.dll
0x00007ff8a91d0000 - 0x00007ff8a91df000 	C:\Users\Mina.TAmin\.jdks\openjdk-24.0.1\bin\instrument.dll
0x00007ff8a4430000 - 0x00007ff8a444e000 	C:\Users\Mina.TAmin\.jdks\openjdk-24.0.1\bin\java.dll
0x00007ff8d9ab0000 - 0x00007ff8d9bdb000 	C:\windows\System32\ole32.dll
0x00007ff8d9d00000 - 0x00007ff8da053000 	C:\windows\System32\combase.dll
0x00007ff8d8cc0000 - 0x00007ff8d942f000 	C:\windows\System32\SHELL32.dll
0x00007ff8d57e0000 - 0x00007ff8d5f7f000 	C:\windows\SYSTEM32\windows.storage.dll
0x00007ff8d7790000 - 0x00007ff8d77be000 	C:\windows\SYSTEM32\Wldp.dll
0x00007ff8da590000 - 0x00007ff8da65d000 	C:\windows\System32\OLEAUT32.dll
0x00007ff8d8930000 - 0x00007ff8d89dd000 	C:\windows\System32\SHCORE.dll
0x00007ff8da690000 - 0x00007ff8da6e5000 	C:\windows\System32\shlwapi.dll
0x00007ff8d7d10000 - 0x00007ff8d7d34000 	C:\windows\SYSTEM32\profapi.dll
0x00007ff86cd10000 - 0x00007ff86cde7000 	C:\Users\Mina.TAmin\.jdks\openjdk-24.0.1\bin\jsvml.dll
0x00007ff89fa10000 - 0x00007ff89fa27000 	C:\Users\Mina.TAmin\.jdks\openjdk-24.0.1\bin\zip.dll
0x00007ff8c4060000 - 0x00007ff8c4070000 	C:\Users\Mina.TAmin\.jdks\openjdk-24.0.1\bin\net.dll
0x00007ff8d7490000 - 0x00007ff8d74fa000 	C:\windows\system32\mswsock.dll
0x00007ff89fa30000 - 0x00007ff89fa46000 	C:\Users\Mina.TAmin\.jdks\openjdk-24.0.1\bin\nio.dll
0x00007ff8a9250000 - 0x00007ff8a9259000 	C:\Users\Mina.TAmin\.jdks\openjdk-24.0.1\bin\extnet.dll
0x00007ff8d71c0000 - 0x00007ff8d728a000 	C:\windows\SYSTEM32\DNSAPI.dll
0x00007ff8d7170000 - 0x00007ff8d71ab000 	C:\windows\SYSTEM32\IPHLPAPI.DLL
0x00007ff8d9970000 - 0x00007ff8d9978000 	C:\windows\System32\NSI.dll
0x00007ff8d3ba0000 - 0x00007ff8d3baa000 	C:\Windows\System32\rasadhlp.dll
0x00007ff8d4830000 - 0x00007ff8d48b0000 	C:\windows\System32\fwpuclnt.dll
0x00007ff8a91c0000 - 0x00007ff8a91ca000 	C:\Users\Mina.TAmin\.jdks\openjdk-24.0.1\bin\management.dll
0x00007ff8a91b0000 - 0x00007ff8a91bb000 	C:\Users\Mina.TAmin\.jdks\openjdk-24.0.1\bin\management_ext.dll
0x00007ff8d9860000 - 0x00007ff8d9868000 	C:\windows\System32\PSAPI.DLL
0x00007ff8d7680000 - 0x00007ff8d7698000 	C:\windows\SYSTEM32\CRYPTSP.dll
0x00007ff8d6db0000 - 0x00007ff8d6de4000 	C:\windows\system32\rsaenh.dll
0x00007ff8d7cc0000 - 0x00007ff8d7cee000 	C:\windows\SYSTEM32\USERENV.dll
0x00007ff8d76a0000 - 0x00007ff8d76ac000 	C:\windows\SYSTEM32\CRYPTBASE.dll
0x00007ff85f340000 - 0x00007ff85f357000 	C:\windows\system32\napinsp.dll
0x00007ff85f360000 - 0x00007ff85f37b000 	C:\windows\system32\pnrpnsp.dll
0x00007ff8c6fe0000 - 0x00007ff8c6ff5000 	C:\windows\system32\wshbth.dll
0x00007ff8d49d0000 - 0x00007ff8d49ed000 	C:\windows\system32\NLAapi.dll
0x00007ff86a880000 - 0x00007ff86a892000 	C:\windows\System32\winrnr.dll
0x00007ff8c5860000 - 0x00007ff8c58f4000 	C:\windows\system32\apphelp.dll
0x00007ff8b1f50000 - 0x00007ff8b1fa3000 	C:\windows\SYSTEM32\pdh.dll
0x00007ff8d4550000 - 0x00007ff8d455f000 	C:\windows\System32\perfproc.dll
0x00007ff8a1c70000 - 0x00007ff8a1c7f000 	C:\windows\System32\perfos.dll
0x00007ff86c010000 - 0x00007ff86c208000 	C:\Users\Mina.TAmin\AppData\Local\Temp\idea_libasyncProfiler_dll_temp_folder\libasyncProfiler.dll

JVMTI agents:
C:\Users\Mina.TAmin\AppData\Local\JetBrains\IntelliJ IDEA 2025.1.2\lib\idea_rt.jar path:C:\Users\Mina.TAmin\.jdks\openjdk-24.0.1\bin\instrument.dll, loaded, initialized, instrumentlib options:62765

dbghelp: loaded successfully - version: 4.0.5 - missing functions: none
symbol engine: initialized successfully - sym options: 0x614 - pdb path: .;C:\Users\Mina.TAmin\.jdks\openjdk-24.0.1\bin;C:\windows\SYSTEM32;C:\windows\WinSxS\amd64_microsoft.windows.common-controls_6595b64144ccf1df_6.0.19041.4355_none_60b8b9eb71f62e16;C:\Users\Mina.TAmin\.jdks\openjdk-24.0.1\bin\server;C:\Users\Mina.TAmin\AppData\Local\Temp\idea_libasyncProfiler_dll_temp_folder

VM Arguments:
jvm_args: -javaagent:C:\Users\Mina.TAmin\AppData\Local\JetBrains\IntelliJ IDEA 2025.1.2\lib\idea_rt.jar=62765 -Dfile.encoding=UTF-8 -Dsun.stdout.encoding=UTF-8 -Dsun.stderr.encoding=UTF-8 
java_command: org.example.Main
java_class_path (initial): C:\Users\Mina.TAmin\IdeaProjects\untitled\target\classes;C:\Users\Mina.TAmin\.m2\repository\org\seleniumhq\selenium\selenium-java\4.33.0\selenium-java-4.33.0.jar;C:\Users\Mina.TAmin\.m2\repository\org\seleniumhq\selenium\selenium-api\4.33.0\selenium-api-4.33.0.jar;C:\Users\Mina.TAmin\.m2\repository\org\jspecify\jspecify\1.0.0\jspecify-1.0.0.jar;C:\Users\Mina.TAmin\.m2\repository\org\seleniumhq\selenium\selenium-chrome-driver\4.33.0\selenium-chrome-driver-4.33.0.jar;C:\Users\Mina.TAmin\.m2\repository\com\google\auto\service\auto-service-annotations\1.1.1\auto-service-annotations-1.1.1.jar;C:\Users\Mina.TAmin\.m2\repository\org\seleniumhq\selenium\selenium-chromium-driver\4.33.0\selenium-chromium-driver-4.33.0.jar;C:\Users\Mina.TAmin\.m2\repository\org\seleniumhq\selenium\selenium-json\4.33.0\selenium-json-4.33.0.jar;C:\Users\Mina.TAmin\.m2\repository\org\seleniumhq\selenium\selenium-manager\4.33.0\selenium-manager-4.33.0.jar;C:\Users\Mina.TAmin\.m2\repository\org\seleniumhq\selenium\selenium-devtools-v135\4.33.0\selenium-devtools-v135-4.33.0.jar;C:\Users\Mina.TAmin\.m2\repository\org\seleniumhq\selenium\selenium-devtools-v136\4.33.0\selenium-devtools-v136-4.33.0.jar;C:\Users\Mina.TAmin\.m2\repository\org\seleniumhq\selenium\selenium-devtools-v137\4.33.0\selenium-devtools-v137-4.33.0.jar;C:\Users\Mina.TAmin\.m2\repository\org\seleniumhq\selenium\selenium-edge-driver\4.33.0\selenium-edge-driver-4.33.0.jar;C:\Users\Mina.TAmin\.m2\repository\org\seleniumhq\selenium\selenium-firefox-driver\4.33.0\selenium-firefox-driver-4.33.0.jar;C:\Users\Mina.TAmin\.m2\repository\org\seleniumhq\selenium\selenium-http\4.33.0\selenium-http-4.33.0.jar;C:\Users\Mina.TAmin\.m2\repository\org\seleniumhq\selenium\selenium-ie-driver\4.33.0\selenium-ie-driver-4.33.0.jar;C:\Users\Mina.TAmin\.m2\repository\org\seleniumhq\selenium\selenium-remote-driver\4.33.0\selenium-remote-driver-4.33.0.jar;C:\Users\Mina.TAmin\.m2\repository\com\google\guava\guava\33.4.8-jre\guava-33.4.8-jre.jar;C:\Users\Mina.TAmin\.m2\repository\com\google\guava\failureaccess\1.0.3\failureaccess-1.0.3.jar;C:\Users\Mina.TAmin\.m2\repository\com\google\guava\listenablefuture\9999.0-empty-to-avoid-conflict-with-guava\listenablefuture-9999.0-empty-to-avoid-conflict-with-guava.jar;C:\Users\Mina.TAmin\.m2\repository\com\google\errorprone\error_prone_annotations\2.36.0\error_prone_annotations-2.36.0.jar;C:\Users\Mina.TAmin\.m2\repository\com\google\j2objc\j2objc-annotations\3.0.0\j2objc-annotations-3.0.0.jar;C:\Users\Mina.TAmin\.m2\repository\io\opentelemetry\opentelemetry-api\1.50.0\opentelemetry-api-1.50.0.jar;C:\Users\Mina.TAmin\.m2\repository\io\opentelemetry\opentelemetry-context\1.50.0\opentelemetry-context-1.50.0.jar;C:\Users\Mina.TAmin\.m2\repository\io\opentelemetry\opentelemetry-exporter-logging\1.50.0\opentelemetry-exporter-logging-1.50.0.jar;C:\Users\Mina.TAmin\.m2\repository\io\opentelemetry\opentelemetry-sdk-common\1.50.0\opentelemetry-sdk-common-1.50.0.jar;C:\Users\Mina.TAmin\.m2\repository\io\opentelemetry\opentelemetry-sdk-extension-autoconfigure-spi\1.50.0\opentelemetry-sdk-extension-autoconfigure-spi-1.50.0.jar;C:\Users\Mina.TAmin\.m2\repository\io\opentelemetry\opentelemetry-sdk-extension-autoconfigure\1.50.0\opentelemetry-sdk-extension-autoconfigure-1.50.0.jar;C:\Users\Mina.TAmin\.m2\repository\io\opentelemetry\opentelemetry-sdk-trace\1.50.0\opentelemetry-sdk-trace-1.50.0.jar;C:\Users\Mina.TAmin\.m2\repository\io\opentelemetry\opentelemetry-sdk\1.50.0\opentelemetry-sdk-1.50.0.jar;C:\Users\Mina.TAmin\.m2\repository\io\opentelemetry\opentelemetry-sdk-metrics\1.50.0\opentelemetry-sdk-metrics-1.50.0.jar;C:\Users\Mina.TAmin\.m2\repository\io\opentelemetry\opentelemetry-sdk-logs\1.50.0\opentelemetry-sdk-logs-1.50.0.jar;C:\Users\Mina.TAmin\.m2\repository\net\bytebuddy\byte-buddy\1.17.5\byte-buddy-1.17.5.jar;C:\Users\Mina.TAmin\.m2\repository\org\seleniumhq\selenium\selenium-os\4.33.0\selenium-os-4.33.0.jar;C:\Users\Mina.TAmin\.m2\repository\org\apache\commons\commons-exec\1.4.0\commons-exec-1.4.0.jar;C:\Users\Mina.TAmin\.m2\repository\org\seleniumhq\selenium\selenium-safari-driver\4.33.0\selenium-safari-driver-4.33.0.jar;C:\Users\Mina.TAmin\.m2\repository\org\seleniumhq\selenium\selenium-support\4.33.0\selenium-support-4.33.0.jar
Launcher Type: SUN_STANDARD

[Global flags]
     intx CICompilerCount                          = 4                                         {product} {ergonomic}
     uint ConcGCThreads                            = 3                                         {product} {ergonomic}
     bool FlightRecorder                           = true                                      {product} {management}
     uint G1ConcRefinementThreads                  = 10                                        {product} {ergonomic}
   size_t G1HeapRegionSize                         = 2097152                                   {product} {ergonomic}
   size_t InitialHeapSize                          = 264241152                                 {product} {ergonomic}
   size_t MarkStackSize                            = 4194304                                   {product} {ergonomic}
   size_t MarkStackSizeMax                         = 536870912                                 {product} {ergonomic}
   size_t MaxHeapSize                              = 4213178368                                {product} {ergonomic}
   size_t MaxNewSize                               = 2527068160                                {product} {ergonomic}
   size_t MinHeapDeltaBytes                        = 2097152                                   {product} {ergonomic}
   size_t MinHeapSize                              = 8388608                                   {product} {ergonomic}
    uintx NonNMethodCodeHeapSize                   = 5832704                                {pd product} {ergonomic}
    uintx NonProfiledCodeHeapSize                  = 122945536                              {pd product} {ergonomic}
    uintx ProfiledCodeHeapSize                     = 122880000                              {pd product} {ergonomic}
    uintx ReservedCodeCacheSize                    = 251658240                              {pd product} {ergonomic}
     bool SegmentedCodeCache                       = true                                      {product} {ergonomic}
   size_t SoftMaxHeapSize                          = 4213178368                             {manageable} {ergonomic}
     bool UseCompressedOops                        = true                           {product lp64_product} {ergonomic}
     bool UseG1GC                                  = true                                      {product} {ergonomic}
     bool UseLargePagesIndividualAllocation        = false                                  {pd product} {ergonomic}

Logging:
Log output configuration:
 #0: stdout all=warning uptime,level,tags foldmultilines=false
 #1: stderr all=off uptime,level,tags foldmultilines=false

Environment Variables:
PATH=C:\windows\system32;C:\windows;C:\windows\System32\Wbem;C:\windows\System32\WindowsPowerShell\v1.0\;C:\windows\System32\OpenSSH\;C:\Program Files (x86)\Pulse Secure\VC142.CRT\X64\;C:\Program Files (x86)\Pulse Secure\VC142.CRT\X86\;C:\Program Files (x86)\Common Files\Pulse Secure\TNC Client Plugin\;C:\Users\Mina.TAmin\AppData\Local\Microsoft\WindowsApps;;C:\Users\Mina.TAmin\AppData\Local\JetBrains\IntelliJ IDEA 2025.1.2\bin;
USERNAME=Mina.TAmin
OS=Windows_NT
PROCESSOR_IDENTIFIER=Intel64 Family 6 Model 186 Stepping 3, GenuineIntel
TMP=C:\Users\MINA~1.TAM\AppData\Local\Temp
TEMP=C:\Users\MINA~1.TAM\AppData\Local\Temp




Periodic native trim disabled

---------------  S Y S T E M  ---------------

OS:
 Windows 10 , 64 bit Build 19041 (10.0.19041.4717)
OS uptime: 8 days 22:22 hours

CPU: total 12 (initial active 12) (6 cores per cpu, 2 threads per core) family 6 model 186 stepping 3 microcode 0x4121, cx8, cmov, fxsr, ht, mmx, 3dnowpref, sse, sse2, sse3, ssse3, sse4.1, sse4.2, popcnt, lzcnt, tsc, tscinvbit, avx, avx2, aes, erms, clmul, bmi1, bmi2, adx, sha, fma, vzeroupper, clflush, clflushopt, clwb, serialize, rdtscp, rdpid, fsrm, gfni, f16c, pku, cet_ibt, cet_ss
Processor Information for processor 0
  Max Mhz: 1300, Current Mhz: 1300, Mhz Limit: 897
Processor Information for processor 1
  Max Mhz: 1300, Current Mhz: 1300, Mhz Limit: 897
Processor Information for processor 2
  Max Mhz: 1300, Current Mhz: 1300, Mhz Limit: 1300
Processor Information for processor 3
  Max Mhz: 1300, Current Mhz: 1300, Mhz Limit: 1300
Processor Information for processor 4
  Max Mhz: 1300, Current Mhz: 900, Mhz Limit: 897
Processor Information for processor 5
  Max Mhz: 1300, Current Mhz: 900, Mhz Limit: 897
Processor Information for processor 6
  Max Mhz: 1300, Current Mhz: 900, Mhz Limit: 897
Processor Information for processor 7
  Max Mhz: 1300, Current Mhz: 900, Mhz Limit: 897
Processor Information for processor 8
  Max Mhz: 1300, Current Mhz: 900, Mhz Limit: 897
Processor Information for processor 9
  Max Mhz: 1300, Current Mhz: 900, Mhz Limit: 897
Processor Information for processor 10
  Max Mhz: 1300, Current Mhz: 900, Mhz Limit: 897
Processor Information for processor 11
  Max Mhz: 1300, Current Mhz: 900, Mhz Limit: 897

Memory: 4k page, system-wide physical 16068M (4675M free)
TotalPageFile size 18500M (AvailPageFile size 4904M)
current process WorkingSet (physical memory assigned to process): 102M, peak: 102M
current process commit charge ("private bytes"): 398M, peak: 401M

vm_info: OpenJDK 64-Bit Server VM (24.0.1+9-30) for windows-amd64 JRE (24.0.1+9-30), built on 2025-03-05T07:23:45Z with MS VC++ 17.6 (VS2022)

END.
